C:\Program Files\Microsoft Visual Studio\2022\Community\MSBuild\Microsoft\VC\v170\Microsoft.CppBuild.targets(517,5): warning MSB8004: Output Directory does not end with a trailing slash.  This build instance will add the slash as it is required to allow proper evaluation of the Output Directory.
  g_items.c
C:\school_dev\Game_Modding\IT266-Quake-2-Mod\game\g_items.c(43,12): warning C4211: nonstandard extension used: redefined extern to static
C:\school_dev\Game_Modding\IT266-Quake-2-Mod\game\g_items.c(44,12): warning C4211: nonstandard extension used: redefined extern to static
C:\school_dev\Game_Modding\IT266-Quake-2-Mod\game\g_items.c(45,12): warning C4211: nonstandard extension used: redefined extern to static
C:\school_dev\Game_Modding\IT266-Quake-2-Mod\game\g_items.c(640,37): warning C4100: 'ent': unreferenced formal parameter
C:\school_dev\Game_Modding\IT266-Quake-2-Mod\game\g_items.c(851,44): warning C4100: 'item': unreferenced formal parameter
C:\school_dev\Game_Modding\IT266-Quake-2-Mod\game\g_items.c(907,76): warning C4100: 'surf': unreferenced formal parameter
C:\school_dev\Game_Modding\IT266-Quake-2-Mod\game\g_items.c(907,57): warning C4100: 'plane': unreferenced formal parameter
C:\school_dev\Game_Modding\IT266-Quake-2-Mod\game\g_items.c(1038,54): warning C4100: 'activator': unreferenced formal parameter
C:\school_dev\Game_Modding\IT266-Quake-2-Mod\game\g_items.c(1038,38): warning C4100: 'other': unreferenced formal parameter
     Creating library .\..\release\gamex86.lib and object .\..\release\gamex86.exp
  game.vcxproj -> C:\Program Files (x86)\Steam\steamapps\common\Quake 2\mod\gamex86.dll
  recursive shutdown
C:\Program Files\Microsoft Visual Studio\2022\Community\MSBuild\Microsoft\VC\v170\Microsoft.CppCommon.targets(166,5): error MSB3073: The command "cd "C:\Program Files (x86)\Steam\steamapps\common\Quake 2" && "C:\Program Files (x86)\Steam\steamapps\common\Quake 2\quake2.exe" +set game mod
C:\Program Files\Microsoft Visual Studio\2022\Community\MSBuild\Microsoft\VC\v170\Microsoft.CppCommon.targets(166,5): error MSB3073: :VCEnd" exited with code 1.
